EDA Netlist Writer report for bitcoin_hash
Fri May 18 15:24:15 2018
Quartus Prime Version 17.1.0 Build 590 10/25/2017 SJ Lite Edition


---------------------
; Table of Contents ;
---------------------
  1. Legal Notice
  2. EDA Netlist Writer Summary
  3. Simulation Settings
  4. Simulation Generated Files
  5. EDA Netlist Writer Messages



----------------
; Legal Notice ;
----------------
Copyright (C) 2017  Intel Corporation. All rights reserved.
Your use of Intel Corporation's design tools, logic functions 
and other software and tools, and its AMPP partner logic 
functions, and any output files from any of the foregoing 
(including device programming or simulation files), and any 
associated documentation or information are expressly subject 
to the terms and conditions of the Intel Program License 
Subscription Agreement, the Intel Quartus Prime License Agreement,
the Intel FPGA IP License Agreement, or other applicable license
agreement, including, without limitation, that your use is for
the sole purpose of programming logic devices manufactured by
Intel and sold by Intel or its authorized distributors.  Please
refer to the applicable agreement for further details.



+-------------------------------------------------------------------+
; EDA Netlist Writer Summary                                        ;
+---------------------------+---------------------------------------+
; EDA Netlist Writer Status ; Successful - Fri May 18 15:24:15 2018 ;
; Revision Name             ; bitcoin_hash                          ;
; Top-level Entity Name     ; bitcoin_hash                          ;
; Family                    ; Arria II GX                           ;
; Simulation Files Creation ; Successful                            ;
+---------------------------+---------------------------------------+


+-------------------------------------------------------------------------------------------------------------------------------------+
; Simulation Settings                                                                                                                 ;
+---------------------------------------------------------------------------------------------------+---------------------------------+
; Option                                                                                            ; Setting                         ;
+---------------------------------------------------------------------------------------------------+---------------------------------+
; Tool Name                                                                                         ; ModelSim-Altera (SystemVerilog) ;
; Generate functional simulation netlist                                                            ; Off                             ;
; Time scale                                                                                        ; 1 ps                            ;
; Truncate long hierarchy paths                                                                     ; Off                             ;
; Map illegal HDL characters                                                                        ; Off                             ;
; Flatten buses into individual nodes                                                               ; Off                             ;
; Maintain hierarchy                                                                                ; Off                             ;
; Bring out device-wide set/reset signals as ports                                                  ; Off                             ;
; Enable glitch filtering                                                                           ; Off                             ;
; Do not write top level VHDL entity                                                                ; Off                             ;
; Disable detection of setup and hold time violations in the input registers of bi-directional pins ; Off                             ;
; Architecture name in VHDL output netlist                                                          ; structure                       ;
; Generate third-party EDA tool command script for RTL functional simulation                        ; Off                             ;
; Generate third-party EDA tool command script for gate-level simulation                            ; Off                             ;
+---------------------------------------------------------------------------------------------------+---------------------------------+


+-------------------------------------------------------------------------------------------------------------------------+
; Simulation Generated Files                                                                                              ;
+-------------------------------------------------------------------------------------------------------------------------+
; Generated Files                                                                                                         ;
+-------------------------------------------------------------------------------------------------------------------------+
; E:/Quartus_Prime/Advanced_Digital_Design_Project/project_5_1/simulation/modelsim/bitcoin_hash_5_900mv_100c_slow.svo     ;
; E:/Quartus_Prime/Advanced_Digital_Design_Project/project_5_1/simulation/modelsim/bitcoin_hash_5_900mv_-40c_slow.svo     ;
; E:/Quartus_Prime/Advanced_Digital_Design_Project/project_5_1/simulation/modelsim/bitcoin_hash_min_900mv_-40c_fast.svo   ;
; E:/Quartus_Prime/Advanced_Digital_Design_Project/project_5_1/simulation/modelsim/bitcoin_hash.svo                       ;
; E:/Quartus_Prime/Advanced_Digital_Design_Project/project_5_1/simulation/modelsim/bitcoin_hash_5_900mv_100c_v_slow.sdo   ;
; E:/Quartus_Prime/Advanced_Digital_Design_Project/project_5_1/simulation/modelsim/bitcoin_hash_5_900mv_-40c_v_slow.sdo   ;
; E:/Quartus_Prime/Advanced_Digital_Design_Project/project_5_1/simulation/modelsim/bitcoin_hash_min_900mv_-40c_v_fast.sdo ;
; E:/Quartus_Prime/Advanced_Digital_Design_Project/project_5_1/simulation/modelsim/bitcoin_hash_v.sdo                     ;
+-------------------------------------------------------------------------------------------------------------------------+


+-----------------------------+
; EDA Netlist Writer Messages ;
+-----------------------------+
Info: *******************************************************************
Info: Running Quartus Prime EDA Netlist Writer
    Info: Version 17.1.0 Build 590 10/25/2017 SJ Lite Edition
    Info: Processing started: Fri May 18 15:22:42 2018
Info: Command: quartus_eda --read_settings_files=off --write_settings_files=off bitcoin_hash -c bitcoin_hash
Warning (18236): Number of processors has not been specified which may cause overloading on shared machines.  Set the global assignment NUM_PARALLEL_PROCESSORS in your QSF to an appropriate value for best performance.
Info (204019): Generated file bitcoin_hash_5_900mv_100c_slow.svo in folder "E:/Quartus_Prime/Advanced_Digital_Design_Project/project_5_1/simulation/modelsim/" for EDA simulation tool
Info (204019): Generated file bitcoin_hash_5_900mv_-40c_slow.svo in folder "E:/Quartus_Prime/Advanced_Digital_Design_Project/project_5_1/simulation/modelsim/" for EDA simulation tool
Info (204019): Generated file bitcoin_hash_min_900mv_-40c_fast.svo in folder "E:/Quartus_Prime/Advanced_Digital_Design_Project/project_5_1/simulation/modelsim/" for EDA simulation tool
Info (204019): Generated file bitcoin_hash.svo in folder "E:/Quartus_Prime/Advanced_Digital_Design_Project/project_5_1/simulation/modelsim/" for EDA simulation tool
Info (204019): Generated file bitcoin_hash_5_900mv_100c_v_slow.sdo in folder "E:/Quartus_Prime/Advanced_Digital_Design_Project/project_5_1/simulation/modelsim/" for EDA simulation tool
Info (204019): Generated file bitcoin_hash_5_900mv_-40c_v_slow.sdo in folder "E:/Quartus_Prime/Advanced_Digital_Design_Project/project_5_1/simulation/modelsim/" for EDA simulation tool
Info (204019): Generated file bitcoin_hash_min_900mv_-40c_v_fast.sdo in folder "E:/Quartus_Prime/Advanced_Digital_Design_Project/project_5_1/simulation/modelsim/" for EDA simulation tool
Info (204019): Generated file bitcoin_hash_v.sdo in folder "E:/Quartus_Prime/Advanced_Digital_Design_Project/project_5_1/simulation/modelsim/" for EDA simulation tool
Info: Quartus Prime EDA Netlist Writer was successful. 0 errors, 1 warning
    Info: Peak virtual memory: 916 megabytes
    Info: Processing ended: Fri May 18 15:24:16 2018
    Info: Elapsed time: 00:01:34
    Info: Total CPU time (on all processors): 00:00:57


