Analysis & Synthesis report for bitcoin_hash
Tue May 22 06:32:53 2018
Quartus Prime Version 17.1.0 Build 590 10/25/2017 SJ Lite Edition


---------------------
; Table of Contents ;
---------------------
  1. Legal Notice
  2. Analysis & Synthesis Summary
  3. Analysis & Synthesis Settings
  4. Parallel Compilation
  5. Analysis & Synthesis Source Files Read
  6. Analysis & Synthesis Resource Usage Summary
  7. Analysis & Synthesis Resource Utilization by Entity
  8. State Machine - |bitcoin_hash|state
  9. Registers Removed During Synthesis
 10. General Register Statistics
 11. Multiplexer Restructuring Statistics (Restructuring Performed)
 12. Parameter Settings for User Entity Instance: Top-level Entity: |bitcoin_hash
 13. Post-Synthesis Netlist Statistics for Top Partition
 14. Elapsed Time Per Partition
 15. Analysis & Synthesis Messages
 16. Analysis & Synthesis Suppressed Messages



----------------
; Legal Notice ;
----------------
Copyright (C) 2017  Intel Corporation. All rights reserved.
Your use of Intel Corporation's design tools, logic functions 
and other software and tools, and its AMPP partner logic 
functions, and any output files from any of the foregoing 
(including device programming or simulation files), and any 
associated documentation or information are expressly subject 
to the terms and conditions of the Intel Program License 
Subscription Agreement, the Intel Quartus Prime License Agreement,
the Intel FPGA IP License Agreement, or other applicable license
agreement, including, without limitation, that your use is for
the sole purpose of programming logic devices manufactured by
Intel and sold by Intel or its authorized distributors.  Please
refer to the applicable agreement for further details.



+---------------------------------------------------------------------------------+
; Analysis & Synthesis Summary                                                    ;
+-----------------------------------+---------------------------------------------+
; Analysis & Synthesis Status       ; Successful - Tue May 22 06:32:53 2018       ;
; Quartus Prime Version             ; 17.1.0 Build 590 10/25/2017 SJ Lite Edition ;
; Revision Name                     ; bitcoin_hash                                ;
; Top-level Entity Name             ; bitcoin_hash                                ;
; Family                            ; Arria II GX                                 ;
; Logic utilization                 ; N/A                                         ;
;     Combinational ALUTs           ; 1,606                                       ;
;     Memory ALUTs                  ; 0                                           ;
;     Dedicated logic registers     ; 1,666                                       ;
; Total registers                   ; 1666                                        ;
; Total pins                        ; 118                                         ;
; Total virtual pins                ; 0                                           ;
; Total block memory bits           ; 0                                           ;
; DSP block 18-bit elements         ; 0                                           ;
; Total GXB Receiver Channel PCS    ; 0                                           ;
; Total GXB Receiver Channel PMA    ; 0                                           ;
; Total GXB Transmitter Channel PCS ; 0                                           ;
; Total GXB Transmitter Channel PMA ; 0                                           ;
; Total PLLs                        ; 0                                           ;
; Total DLLs                        ; 0                                           ;
+-----------------------------------+---------------------------------------------+


+---------------------------------------------------------------------------------------------------------------------------+
; Analysis & Synthesis Settings                                                                                             ;
+---------------------------------------------------------------------------------+--------------------+--------------------+
; Option                                                                          ; Setting            ; Default Value      ;
+---------------------------------------------------------------------------------+--------------------+--------------------+
; Device                                                                          ; EP2AGX45DF29I5     ;                    ;
; Top-level entity name                                                           ; bitcoin_hash       ; bitcoin_hash       ;
; Family name                                                                     ; Arria II GX        ; Cyclone V          ;
; Use smart compilation                                                           ; Off                ; Off                ;
; Enable parallel Assembler and TimeQuest Timing Analyzer during compilation      ; On                 ; On                 ;
; Enable compact report table                                                     ; Off                ; Off                ;
; Restructure Multiplexers                                                        ; Auto               ; Auto               ;
; MLAB Add Timing Constraints For Mixed-Port Feed-Through Mode Setting Don't Care ; Off                ; Off                ;
; Create Debugging Nodes for IP Cores                                             ; Off                ; Off                ;
; Preserve fewer node names                                                       ; On                 ; On                 ;
; Intel FPGA IP Evaluation Mode                                                   ; Enable             ; Enable             ;
; Verilog Version                                                                 ; Verilog_2001       ; Verilog_2001       ;
; VHDL Version                                                                    ; VHDL_1993          ; VHDL_1993          ;
; State Machine Processing                                                        ; Auto               ; Auto               ;
; Safe State Machine                                                              ; Off                ; Off                ;
; Extract Verilog State Machines                                                  ; On                 ; On                 ;
; Extract VHDL State Machines                                                     ; On                 ; On                 ;
; Ignore Verilog initial constructs                                               ; Off                ; Off                ;
; Iteration limit for constant Verilog loops                                      ; 5000               ; 5000               ;
; Iteration limit for non-constant Verilog loops                                  ; 250                ; 250                ;
; Add Pass-Through Logic to Inferred RAMs                                         ; On                 ; On                 ;
; Infer RAMs from Raw Logic                                                       ; On                 ; On                 ;
; Parallel Synthesis                                                              ; On                 ; On                 ;
; DSP Block Balancing                                                             ; Auto               ; Auto               ;
; NOT Gate Push-Back                                                              ; On                 ; On                 ;
; Power-Up Don't Care                                                             ; On                 ; On                 ;
; Remove Redundant Logic Cells                                                    ; Off                ; Off                ;
; Remove Duplicate Registers                                                      ; On                 ; On                 ;
; Ignore CARRY Buffers                                                            ; Off                ; Off                ;
; Ignore CASCADE Buffers                                                          ; Off                ; Off                ;
; Ignore GLOBAL Buffers                                                           ; Off                ; Off                ;
; Ignore ROW GLOBAL Buffers                                                       ; Off                ; Off                ;
; Ignore LCELL Buffers                                                            ; Off                ; Off                ;
; Ignore SOFT Buffers                                                             ; On                 ; On                 ;
; Limit AHDL Integers to 32 Bits                                                  ; Off                ; Off                ;
; Optimization Technique                                                          ; Balanced           ; Balanced           ;
; Carry Chain Length                                                              ; 70                 ; 70                 ;
; Auto Carry Chains                                                               ; On                 ; On                 ;
; Auto Open-Drain Pins                                                            ; On                 ; On                 ;
; Perform WYSIWYG Primitive Resynthesis                                           ; Off                ; Off                ;
; Auto ROM Replacement                                                            ; On                 ; On                 ;
; Auto RAM Replacement                                                            ; On                 ; On                 ;
; Auto DSP Block Replacement                                                      ; On                 ; On                 ;
; Auto Shift Register Replacement                                                 ; Auto               ; Auto               ;
; Allow Shift Register Merging across Hierarchies                                 ; Auto               ; Auto               ;
; Auto Clock Enable Replacement                                                   ; On                 ; On                 ;
; Strict RAM Replacement                                                          ; Off                ; Off                ;
; Allow Synchronous Control Signals                                               ; On                 ; On                 ;
; Force Use of Synchronous Clear Signals                                          ; Off                ; Off                ;
; Auto RAM Block Balancing                                                        ; On                 ; On                 ;
; Auto RAM to Logic Cell Conversion                                               ; Off                ; Off                ;
; Auto Resource Sharing                                                           ; Off                ; Off                ;
; Allow Any RAM Size For Recognition                                              ; Off                ; Off                ;
; Allow Any ROM Size For Recognition                                              ; Off                ; Off                ;
; Allow Any Shift Register Size For Recognition                                   ; Off                ; Off                ;
; Use LogicLock Constraints during Resource Balancing                             ; On                 ; On                 ;
; Ignore translate_off and synthesis_off directives                               ; Off                ; Off                ;
; Timing-Driven Synthesis                                                         ; On                 ; On                 ;
; Report Parameter Settings                                                       ; On                 ; On                 ;
; Report Source Assignments                                                       ; On                 ; On                 ;
; Report Connectivity Checks                                                      ; On                 ; On                 ;
; Ignore Maximum Fan-Out Assignments                                              ; Off                ; Off                ;
; Synchronization Register Chain Length                                           ; 3                  ; 3                  ;
; Power Optimization During Synthesis                                             ; Normal compilation ; Normal compilation ;
; HDL message level                                                               ; Level2             ; Level2             ;
; Suppress Register Optimization Related Messages                                 ; Off                ; Off                ;
; Number of Removed Registers Reported in Synthesis Report                        ; 5000               ; 5000               ;
; Number of Swept Nodes Reported in Synthesis Report                              ; 5000               ; 5000               ;
; Number of Inverted Registers Reported in Synthesis Report                       ; 100                ; 100                ;
; Clock MUX Protection                                                            ; On                 ; On                 ;
; Auto Gated Clock Conversion                                                     ; Off                ; Off                ;
; Block Design Naming                                                             ; Auto               ; Auto               ;
; SDC constraint protection                                                       ; Off                ; Off                ;
; Synthesis Effort                                                                ; Auto               ; Auto               ;
; Shift Register Replacement - Allow Asynchronous Clear Signal                    ; On                 ; On                 ;
; Pre-Mapping Resynthesis Optimization                                            ; Off                ; Off                ;
; Analysis & Synthesis Message Level                                              ; Medium             ; Medium             ;
; Disable Register Merging Across Hierarchies                                     ; Auto               ; Auto               ;
; Resource Aware Inference For Block RAM                                          ; On                 ; On                 ;
+---------------------------------------------------------------------------------+--------------------+--------------------+


+------------------------------------------+
; Parallel Compilation                     ;
+----------------------------+-------------+
; Processors                 ; Number      ;
+----------------------------+-------------+
; Number detected on machine ; 4           ;
; Maximum allowed            ; 2           ;
;                            ;             ;
; Average used               ; 1.00        ;
; Maximum used               ; 2           ;
;                            ;             ;
; Usage by Processor         ; % Time Used ;
;     Processor 1            ; 100.0%      ;
;     Processor 2            ;   0.1%      ;
+----------------------------+-------------+


+----------------------------------------------------------------------------------------------------------------------------------------------------------------------------+
; Analysis & Synthesis Source Files Read                                                                                                                                     ;
+----------------------------------+-----------------+------------------------------+------------------------------------------------------------------------------+---------+
; File Name with User-Entered Path ; Used in Netlist ; File Type                    ; File Name with Absolute Path                                                 ; Library ;
+----------------------------------+-----------------+------------------------------+------------------------------------------------------------------------------+---------+
; bitcoin_hash.sv                  ; yes             ; User SystemVerilog HDL File  ; E:/Quartus_Prime/Advanced_Digital_Design_Project/project_4_2/bitcoin_hash.sv ;         ;
+----------------------------------+-----------------+------------------------------+------------------------------------------------------------------------------+---------+


+-----------------------------------------------------------+
; Analysis & Synthesis Resource Usage Summary               ;
+-----------------------------------------------+-----------+
; Resource                                      ; Usage     ;
+-----------------------------------------------+-----------+
; Estimated ALUTs Used                          ; 1606      ;
;     -- Combinational ALUTs                    ; 1606      ;
;     -- Memory ALUTs                           ; 0         ;
;     -- LUT_REGs                               ; 0         ;
; Dedicated logic registers                     ; 1666      ;
;                                               ;           ;
; Estimated ALUTs Unavailable                   ; 6         ;
;     -- Due to unpartnered combinational logic ; 6         ;
;     -- Due to Memory ALUTs                    ; 0         ;
;                                               ;           ;
; Total combinational functions                 ; 1606      ;
; Combinational ALUT usage by number of inputs  ;           ;
;     -- 7 input functions                      ; 6         ;
;     -- 6 input functions                      ; 221       ;
;     -- 5 input functions                      ; 16        ;
;     -- 4 input functions                      ; 20        ;
;     -- <=3 input functions                    ; 1343      ;
;                                               ;           ;
; Combinational ALUTs by mode                   ;           ;
;     -- normal mode                            ; 992       ;
;     -- extended LUT mode                      ; 6         ;
;     -- arithmetic mode                        ; 384       ;
;     -- shared arithmetic mode                 ; 224       ;
;                                               ;           ;
; Estimated ALUT/register pairs used            ; 2018      ;
;                                               ;           ;
; Total registers                               ; 1666      ;
;     -- Dedicated logic registers              ; 1666      ;
;     -- I/O registers                          ; 0         ;
;     -- LUT_REGs                               ; 0         ;
;                                               ;           ;
;                                               ;           ;
; I/O pins                                      ; 118       ;
;                                               ;           ;
; DSP block 18-bit elements                     ; 0         ;
;                                               ;           ;
; Maximum fan-out node                          ; clk~input ;
; Maximum fan-out                               ; 1667      ;
; Total fan-out                                 ; 11976     ;
; Average fan-out                               ; 3.41      ;
+-----------------------------------------------+-----------+


+-----------------------------------------------------------------------------------------------------------------------------------------------------------------------------------------------------------------------------------------+
; Analysis & Synthesis Resource Utilization by Entity                                                                                                                                                                                     ;
+----------------------------+---------------------+---------------------------+-------------------+--------------+---------+-----------+-----------+-----------+------+--------------+---------------------+--------------+--------------+
; Compilation Hierarchy Node ; Combinational ALUTs ; Dedicated Logic Registers ; Block Memory Bits ; DSP Elements ; DSP 9x9 ; DSP 12x12 ; DSP 18x18 ; DSP 36x36 ; Pins ; Virtual Pins ; Full Hierarchy Name ; Entity Name  ; Library Name ;
+----------------------------+---------------------+---------------------------+-------------------+--------------+---------+-----------+-----------+-----------+------+--------------+---------------------+--------------+--------------+
; |bitcoin_hash              ; 1606 (1606)         ; 1666 (1666)               ; 0                 ; 0            ; 0       ; 0         ; 0         ; 0         ; 118  ; 0            ; |bitcoin_hash       ; bitcoin_hash ; work         ;
+----------------------------+---------------------+---------------------------+-------------------+--------------+---------+-----------+-----------+-----------+------+--------------+---------------------+--------------+--------------+
Note: For table entries with two numbers listed, the numbers in parentheses indicate the number of resources of the given type used by the specific entity alone. The numbers listed outside of parentheses indicate the total resources of the given type used by the specific entity and all of its sub-entities in the hierarchy.


Encoding Type:  One-Hot
+--------------------------------------------------------------------------------------------------------------------------------------------------------------------------------------------------------------------+
; State Machine - |bitcoin_hash|state                                                                                                                                                                                ;
+----------------+------------+-------------+----------------+--------------+--------------+----------------+--------------+--------------+----------------+--------------+--------------+--------------+------------+
; Name           ; state.POST ; state.WRITE ; state.COMPUTE3 ; state.PREP32 ; state.PREP31 ; state.COMPUTE2 ; state.PREP22 ; state.PREP21 ; state.COMPUTE1 ; state.PREP13 ; state.PREP12 ; state.PREP11 ; state.IDLE ;
+----------------+------------+-------------+----------------+--------------+--------------+----------------+--------------+--------------+----------------+--------------+--------------+--------------+------------+
; state.IDLE     ; 0          ; 0           ; 0              ; 0            ; 0            ; 0              ; 0            ; 0            ; 0              ; 0            ; 0            ; 0            ; 0          ;
; state.PREP11   ; 0          ; 0           ; 0              ; 0            ; 0            ; 0              ; 0            ; 0            ; 0              ; 0            ; 0            ; 1            ; 1          ;
; state.PREP12   ; 0          ; 0           ; 0              ; 0            ; 0            ; 0              ; 0            ; 0            ; 0              ; 0            ; 1            ; 0            ; 1          ;
; state.PREP13   ; 0          ; 0           ; 0              ; 0            ; 0            ; 0              ; 0            ; 0            ; 0              ; 1            ; 0            ; 0            ; 1          ;
; state.COMPUTE1 ; 0          ; 0           ; 0              ; 0            ; 0            ; 0              ; 0            ; 0            ; 1              ; 0            ; 0            ; 0            ; 1          ;
; state.PREP21   ; 0          ; 0           ; 0              ; 0            ; 0            ; 0              ; 0            ; 1            ; 0              ; 0            ; 0            ; 0            ; 1          ;
; state.PREP22   ; 0          ; 0           ; 0              ; 0            ; 0            ; 0              ; 1            ; 0            ; 0              ; 0            ; 0            ; 0            ; 1          ;
; state.COMPUTE2 ; 0          ; 0           ; 0              ; 0            ; 0            ; 1              ; 0            ; 0            ; 0              ; 0            ; 0            ; 0            ; 1          ;
; state.PREP31   ; 0          ; 0           ; 0              ; 0            ; 1            ; 0              ; 0            ; 0            ; 0              ; 0            ; 0            ; 0            ; 1          ;
; state.PREP32   ; 0          ; 0           ; 0              ; 1            ; 0            ; 0              ; 0            ; 0            ; 0              ; 0            ; 0            ; 0            ; 1          ;
; state.COMPUTE3 ; 0          ; 0           ; 1              ; 0            ; 0            ; 0              ; 0            ; 0            ; 0              ; 0            ; 0            ; 0            ; 1          ;
; state.WRITE    ; 0          ; 1           ; 0              ; 0            ; 0            ; 0              ; 0            ; 0            ; 0              ; 0            ; 0            ; 0            ; 1          ;
; state.POST     ; 1          ; 0           ; 0              ; 0            ; 0            ; 0              ; 0            ; 0            ; 0              ; 0            ; 0            ; 0            ; 1          ;
+----------------+------------+-------------+----------------+--------------+--------------+----------------+--------------+--------------+----------------+--------------+--------------+--------------+------------+


+------------------------------------------------------------+
; Registers Removed During Synthesis                         ;
+---------------------------------------+--------------------+
; Register name                         ; Reason for Removal ;
+---------------------------------------+--------------------+
; state~17                              ; Lost fanout        ;
; state~18                              ; Lost fanout        ;
; state~19                              ; Lost fanout        ;
; state~20                              ; Lost fanout        ;
; index_h2[3]                           ; Lost fanout        ;
; Total Number of Removed Registers = 5 ;                    ;
+---------------------------------------+--------------------+


+------------------------------------------------------+
; General Register Statistics                          ;
+----------------------------------------------+-------+
; Statistic                                    ; Value ;
+----------------------------------------------+-------+
; Total registers                              ; 1666  ;
; Number of registers using Synchronous Clear  ; 782   ;
; Number of registers using Synchronous Load   ; 301   ;
; Number of registers using Asynchronous Clear ; 14    ;
; Number of registers using Asynchronous Load  ; 0     ;
; Number of registers using Clock Enable       ; 1652  ;
; Number of registers using Preset             ; 0     ;
+----------------------------------------------+-------+


+----------------------------------------------------------------------------------------------------------------------------------------------+
; Multiplexer Restructuring Statistics (Restructuring Performed)                                                                               ;
+--------------------+-----------+---------------+----------------------+------------------------+------------+--------------------------------+
; Multiplexer Inputs ; Bus Width ; Baseline Area ; Area if Restructured ; Saving if Restructured ; Registered ; Example Multiplexer Output     ;
+--------------------+-----------+---------------+----------------------+------------------------+------------+--------------------------------+
; 5:1                ; 16 bits   ; 48 ALUTs      ; 0 ALUTs              ; 48 ALUTs               ; Yes        ; |bitcoin_hash|index_nonces[8]  ;
; 7:1                ; 4 bits    ; 16 ALUTs      ; 4 ALUTs              ; 12 ALUTs               ; Yes        ; |bitcoin_hash|index_h2[0]      ;
; 5:1                ; 16 bits   ; 48 ALUTs      ; 0 ALUTs              ; 48 ALUTs               ; Yes        ; |bitcoin_hash|t[15]            ;
; 6:1                ; 480 bits  ; 1920 ALUTs    ; 0 ALUTs              ; 1920 ALUTs             ; Yes        ; |bitcoin_hash|w[0][20]         ;
; 6:1                ; 256 bits  ; 1024 ALUTs    ; 512 ALUTs            ; 512 ALUTs              ; Yes        ; |bitcoin_hash|H[20]            ;
; 8:1                ; 256 bits  ; 1280 ALUTs    ; 512 ALUTs            ; 768 ALUTs              ; Yes        ; |bitcoin_hash|h[1][22]         ;
; 10:1               ; 32 bits   ; 192 ALUTs     ; 64 ALUTs             ; 128 ALUTs              ; Yes        ; |bitcoin_hash|temp[21]         ;
; 16:1               ; 16 bits   ; 160 ALUTs     ; 32 ALUTs             ; 128 ALUTs              ; Yes        ; |bitcoin_hash|mem_addr[0]~reg0 ;
; 20:1               ; 15 bits   ; 195 ALUTs     ; 90 ALUTs             ; 105 ALUTs              ; Yes        ; |bitcoin_hash|w[15][16]        ;
; 21:1               ; 13 bits   ; 182 ALUTs     ; 78 ALUTs             ; 104 ALUTs              ; Yes        ; |bitcoin_hash|w[15][13]        ;
; 21:1               ; 2 bits    ; 28 ALUTs      ; 20 ALUTs             ; 8 ALUTs                ; Yes        ; |bitcoin_hash|w[15][7]         ;
+--------------------+-----------+---------------+----------------------+------------------------+------------+--------------------------------+


+------------------------------------------------------------------------------------------------------------------+
; Parameter Settings for User Entity Instance: Top-level Entity: |bitcoin_hash                                     ;
+----------------+----------------------------------------------------------------------------------+--------------+
; Parameter Name ; Value                                                                            ; Type         ;
+----------------+----------------------------------------------------------------------------------+--------------+
; k              ; (1116352408,1899447441,-1245643825,-373957723,961987163,1508970993,-1841331548,- ; Array/Record ;
; k              ; 1424204075,-670586216,310598401,607225278,1426881987,1925078388,-2132889090,-168 ;              ;
; k              ; 0079193,-1046744716,-459576895,-272742522,264347078,604807628,770255983,12491501 ;              ;
; k              ; 22,1555081692,1996064986,-1740746414,-1473132947,-1341970488,-1084653625,-958395 ;              ;
; k              ; 405,-710438585,113926993,338241895,666307205,773529912,1294757372,1396182291,169 ;              ;
; k              ; 5183700,1986661051,-2117940946,-1838011259,-1564481375,-1474664885,-1035236496,- ;              ;
; k              ; 949202525,-778901479,-694614492,-200395387,275423344,430227734,506948616,6590605 ;              ;
; k              ; 56,883997877,958139571,1322822218,1537002063,1747873779,1955562222,2024104815,-2 ;              ;
;                ; 067236844,-1933114872,-1866530822,-1538233109,-1090935817,-965641998)            ;              ;
+----------------+----------------------------------------------------------------------------------+--------------+
Note: In order to hide this table in the UI and the text report file, please set the "Show Parameter Settings in Synthesis Report" option in "Analysis and Synthesis Settings -> More Settings" to "Off".


+-----------------------------------------------------+
; Post-Synthesis Netlist Statistics for Top Partition ;
+-----------------------+-----------------------------+
; Type                  ; Count                       ;
+-----------------------+-----------------------------+
; arriaii_ff            ; 1666                        ;
;     CLR               ; 14                          ;
;     ENA               ; 582                         ;
;     ENA SCLR          ; 769                         ;
;     ENA SCLR SLD      ; 13                          ;
;     ENA SLD           ; 288                         ;
; boundary_port         ; 118                         ;
; stratixiv_lcell_comb  ; 1606                        ;
;     arith             ; 384                         ;
;         1 data inputs ; 48                          ;
;         2 data inputs ; 326                         ;
;         3 data inputs ; 10                          ;
;     extend            ; 6                           ;
;         7 data inputs ; 6                           ;
;     normal            ; 992                         ;
;         2 data inputs ; 25                          ;
;         3 data inputs ; 710                         ;
;         4 data inputs ; 20                          ;
;         5 data inputs ; 16                          ;
;         6 data inputs ; 221                         ;
;     shared            ; 224                         ;
;         3 data inputs ; 224                         ;
;                       ;                             ;
; Max LUT depth         ; 7.60                        ;
; Average LUT depth     ; 3.79                        ;
+-----------------------+-----------------------------+


+-------------------------------+
; Elapsed Time Per Partition    ;
+----------------+--------------+
; Partition Name ; Elapsed Time ;
+----------------+--------------+
; Top            ; 00:00:03     ;
+----------------+--------------+


+-------------------------------+
; Analysis & Synthesis Messages ;
+-------------------------------+
Info: *******************************************************************
Info: Running Quartus Prime Analysis & Synthesis
    Info: Version 17.1.0 Build 590 10/25/2017 SJ Lite Edition
    Info: Processing started: Tue May 22 06:32:31 2018
Info: Command: quartus_map --read_settings_files=on --write_settings_files=off bitcoin_hash -c bitcoin_hash
Warning (18236): Number of processors has not been specified which may cause overloading on shared machines.  Set the global assignment NUM_PARALLEL_PROCESSORS in your QSF to an appropriate value for best performance.
Info (20030): Parallel compilation is enabled and will use 2 of the 2 processors detected
Info (12021): Found 1 design units, including 1 entities, in source file tb_bitcoin_hash.sv
    Info (12023): Found entity 1: tb_bitcoin_hash File: E:/Quartus_Prime/Advanced_Digital_Design_Project/project_4_2/tb_bitcoin_hash.sv Line: 1
Info (12021): Found 1 design units, including 1 entities, in source file bitcoin_hash.sv
    Info (12023): Found entity 1: bitcoin_hash File: E:/Quartus_Prime/Advanced_Digital_Design_Project/project_4_2/bitcoin_hash.sv Line: 4
Info (12127): Elaborating entity "bitcoin_hash" for the top level hierarchy
Warning (10230): Verilog HDL assignment warning at bitcoin_hash.sv(105): truncated value with size 32 to match size of target (16) File: E:/Quartus_Prime/Advanced_Digital_Design_Project/project_4_2/bitcoin_hash.sv Line: 105
Warning (10230): Verilog HDL assignment warning at bitcoin_hash.sv(112): truncated value with size 32 to match size of target (16) File: E:/Quartus_Prime/Advanced_Digital_Design_Project/project_4_2/bitcoin_hash.sv Line: 112
Warning (10230): Verilog HDL assignment warning at bitcoin_hash.sv(119): truncated value with size 32 to match size of target (16) File: E:/Quartus_Prime/Advanced_Digital_Design_Project/project_4_2/bitcoin_hash.sv Line: 119
Warning (10230): Verilog HDL assignment warning at bitcoin_hash.sv(128): truncated value with size 32 to match size of target (16) File: E:/Quartus_Prime/Advanced_Digital_Design_Project/project_4_2/bitcoin_hash.sv Line: 128
Warning (10230): Verilog HDL assignment warning at bitcoin_hash.sv(133): truncated value with size 32 to match size of target (16) File: E:/Quartus_Prime/Advanced_Digital_Design_Project/project_4_2/bitcoin_hash.sv Line: 133
Warning (10230): Verilog HDL assignment warning at bitcoin_hash.sv(142): truncated value with size 32 to match size of target (16) File: E:/Quartus_Prime/Advanced_Digital_Design_Project/project_4_2/bitcoin_hash.sv Line: 142
Warning (10230): Verilog HDL assignment warning at bitcoin_hash.sv(151): truncated value with size 32 to match size of target (16) File: E:/Quartus_Prime/Advanced_Digital_Design_Project/project_4_2/bitcoin_hash.sv Line: 151
Warning (10230): Verilog HDL assignment warning at bitcoin_hash.sv(159): truncated value with size 32 to match size of target (16) File: E:/Quartus_Prime/Advanced_Digital_Design_Project/project_4_2/bitcoin_hash.sv Line: 159
Warning (10230): Verilog HDL assignment warning at bitcoin_hash.sv(169): truncated value with size 32 to match size of target (16) File: E:/Quartus_Prime/Advanced_Digital_Design_Project/project_4_2/bitcoin_hash.sv Line: 169
Warning (10230): Verilog HDL assignment warning at bitcoin_hash.sv(186): truncated value with size 32 to match size of target (16) File: E:/Quartus_Prime/Advanced_Digital_Design_Project/project_4_2/bitcoin_hash.sv Line: 186
Warning (10230): Verilog HDL assignment warning at bitcoin_hash.sv(211): truncated value with size 32 to match size of target (4) File: E:/Quartus_Prime/Advanced_Digital_Design_Project/project_4_2/bitcoin_hash.sv Line: 211
Warning (10230): Verilog HDL assignment warning at bitcoin_hash.sv(220): truncated value with size 32 to match size of target (4) File: E:/Quartus_Prime/Advanced_Digital_Design_Project/project_4_2/bitcoin_hash.sv Line: 220
Warning (10230): Verilog HDL assignment warning at bitcoin_hash.sv(229): truncated value with size 32 to match size of target (4) File: E:/Quartus_Prime/Advanced_Digital_Design_Project/project_4_2/bitcoin_hash.sv Line: 229
Warning (10230): Verilog HDL assignment warning at bitcoin_hash.sv(243): truncated value with size 32 to match size of target (16) File: E:/Quartus_Prime/Advanced_Digital_Design_Project/project_4_2/bitcoin_hash.sv Line: 243
Warning (10230): Verilog HDL assignment warning at bitcoin_hash.sv(259): truncated value with size 32 to match size of target (16) File: E:/Quartus_Prime/Advanced_Digital_Design_Project/project_4_2/bitcoin_hash.sv Line: 259
Warning (10230): Verilog HDL assignment warning at bitcoin_hash.sv(271): truncated value with size 32 to match size of target (16) File: E:/Quartus_Prime/Advanced_Digital_Design_Project/project_4_2/bitcoin_hash.sv Line: 271
Info (286030): Timing-Driven Synthesis is running
Info (17049): 5 registers lost all their fanouts during netlist optimizations.
Info (144001): Generated suppressed messages file E:/Quartus_Prime/Advanced_Digital_Design_Project/project_4_2/output_files/bitcoin_hash.map.smsg
Info (16010): Generating hard_block partition "hard_block:auto_generated_inst"
    Info (16011): Adding 0 node(s), including 0 DDIO, 0 PLL, 0 transceiver and 0 LCELL
Info (21057): Implemented 2760 device resources after synthesis - the final resource count might be different
    Info (21058): Implemented 67 input pins
    Info (21059): Implemented 51 output pins
    Info (21061): Implemented 2642 logic cells
Info: Quartus Prime Analysis & Synthesis was successful. 0 errors, 17 warnings
    Info: Peak virtual memory: 4859 megabytes
    Info: Processing ended: Tue May 22 06:32:53 2018
    Info: Elapsed time: 00:00:22
    Info: Total CPU time (on all processors): 00:00:40


+------------------------------------------+
; Analysis & Synthesis Suppressed Messages ;
+------------------------------------------+
The suppressed messages can be found in E:/Quartus_Prime/Advanced_Digital_Design_Project/project_4_2/output_files/bitcoin_hash.map.smsg.


