Analysis & Synthesis report for bitcoin_hash
Fri May 11 06:35:41 2018
Quartus Prime Version 17.1.0 Build 590 10/25/2017 SJ Lite Edition


---------------------
; Table of Contents ;
---------------------
  1. Legal Notice
  2. Analysis & Synthesis Summary
  3. Analysis & Synthesis Settings
  4. Parallel Compilation
  5. Analysis & Synthesis Source Files Read
  6. Analysis & Synthesis Resource Usage Summary
  7. Analysis & Synthesis Resource Utilization by Entity
  8. State Machine - |bitcoin_hash|state
  9. Registers Removed During Synthesis
 10. General Register Statistics
 11. Multiplexer Restructuring Statistics (Restructuring Performed)
 12. Parameter Settings for User Entity Instance: Top-level Entity: |bitcoin_hash
 13. Post-Synthesis Netlist Statistics for Top Partition
 14. Elapsed Time Per Partition
 15. Analysis & Synthesis Messages



----------------
; Legal Notice ;
----------------
Copyright (C) 2017  Intel Corporation. All rights reserved.
Your use of Intel Corporation's design tools, logic functions 
and other software and tools, and its AMPP partner logic 
functions, and any output files from any of the foregoing 
(including device programming or simulation files), and any 
associated documentation or information are expressly subject 
to the terms and conditions of the Intel Program License 
Subscription Agreement, the Intel Quartus Prime License Agreement,
the Intel FPGA IP License Agreement, or other applicable license
agreement, including, without limitation, that your use is for
the sole purpose of programming logic devices manufactured by
Intel and sold by Intel or its authorized distributors.  Please
refer to the applicable agreement for further details.



+---------------------------------------------------------------------------------+
; Analysis & Synthesis Summary                                                    ;
+-----------------------------------+---------------------------------------------+
; Analysis & Synthesis Status       ; Successful - Fri May 11 06:35:40 2018       ;
; Quartus Prime Version             ; 17.1.0 Build 590 10/25/2017 SJ Lite Edition ;
; Revision Name                     ; bitcoin_hash                                ;
; Top-level Entity Name             ; bitcoin_hash                                ;
; Family                            ; Arria II GX                                 ;
; Logic utilization                 ; N/A                                         ;
;     Combinational ALUTs           ; 17,654                                      ;
;     Memory ALUTs                  ; 0                                           ;
;     Dedicated logic registers     ; 21,087                                      ;
; Total registers                   ; 21087                                       ;
; Total pins                        ; 118                                         ;
; Total virtual pins                ; 0                                           ;
; Total block memory bits           ; 0                                           ;
; DSP block 18-bit elements         ; 0                                           ;
; Total GXB Receiver Channel PCS    ; 0                                           ;
; Total GXB Receiver Channel PMA    ; 0                                           ;
; Total GXB Transmitter Channel PCS ; 0                                           ;
; Total GXB Transmitter Channel PMA ; 0                                           ;
; Total PLLs                        ; 0                                           ;
; Total DLLs                        ; 0                                           ;
+-----------------------------------+---------------------------------------------+


+---------------------------------------------------------------------------------------------------------------------------+
; Analysis & Synthesis Settings                                                                                             ;
+---------------------------------------------------------------------------------+--------------------+--------------------+
; Option                                                                          ; Setting            ; Default Value      ;
+---------------------------------------------------------------------------------+--------------------+--------------------+
; Device                                                                          ; EP2AGX45DF29I5     ;                    ;
; Top-level entity name                                                           ; bitcoin_hash       ; bitcoin_hash       ;
; Family name                                                                     ; Arria II GX        ; Cyclone V          ;
; Use smart compilation                                                           ; Off                ; Off                ;
; Enable parallel Assembler and TimeQuest Timing Analyzer during compilation      ; On                 ; On                 ;
; Enable compact report table                                                     ; Off                ; Off                ;
; Restructure Multiplexers                                                        ; Auto               ; Auto               ;
; MLAB Add Timing Constraints For Mixed-Port Feed-Through Mode Setting Don't Care ; Off                ; Off                ;
; Create Debugging Nodes for IP Cores                                             ; Off                ; Off                ;
; Preserve fewer node names                                                       ; On                 ; On                 ;
; Intel FPGA IP Evaluation Mode                                                   ; Enable             ; Enable             ;
; Verilog Version                                                                 ; Verilog_2001       ; Verilog_2001       ;
; VHDL Version                                                                    ; VHDL_1993          ; VHDL_1993          ;
; State Machine Processing                                                        ; Auto               ; Auto               ;
; Safe State Machine                                                              ; Off                ; Off                ;
; Extract Verilog State Machines                                                  ; On                 ; On                 ;
; Extract VHDL State Machines                                                     ; On                 ; On                 ;
; Ignore Verilog initial constructs                                               ; Off                ; Off                ;
; Iteration limit for constant Verilog loops                                      ; 5000               ; 5000               ;
; Iteration limit for non-constant Verilog loops                                  ; 250                ; 250                ;
; Add Pass-Through Logic to Inferred RAMs                                         ; On                 ; On                 ;
; Infer RAMs from Raw Logic                                                       ; On                 ; On                 ;
; Parallel Synthesis                                                              ; On                 ; On                 ;
; DSP Block Balancing                                                             ; Auto               ; Auto               ;
; NOT Gate Push-Back                                                              ; On                 ; On                 ;
; Power-Up Don't Care                                                             ; On                 ; On                 ;
; Remove Redundant Logic Cells                                                    ; Off                ; Off                ;
; Remove Duplicate Registers                                                      ; On                 ; On                 ;
; Ignore CARRY Buffers                                                            ; Off                ; Off                ;
; Ignore CASCADE Buffers                                                          ; Off                ; Off                ;
; Ignore GLOBAL Buffers                                                           ; Off                ; Off                ;
; Ignore ROW GLOBAL Buffers                                                       ; Off                ; Off                ;
; Ignore LCELL Buffers                                                            ; Off                ; Off                ;
; Ignore SOFT Buffers                                                             ; On                 ; On                 ;
; Limit AHDL Integers to 32 Bits                                                  ; Off                ; Off                ;
; Optimization Technique                                                          ; Balanced           ; Balanced           ;
; Carry Chain Length                                                              ; 70                 ; 70                 ;
; Auto Carry Chains                                                               ; On                 ; On                 ;
; Auto Open-Drain Pins                                                            ; On                 ; On                 ;
; Perform WYSIWYG Primitive Resynthesis                                           ; Off                ; Off                ;
; Auto ROM Replacement                                                            ; On                 ; On                 ;
; Auto RAM Replacement                                                            ; On                 ; On                 ;
; Auto DSP Block Replacement                                                      ; On                 ; On                 ;
; Auto Shift Register Replacement                                                 ; Auto               ; Auto               ;
; Allow Shift Register Merging across Hierarchies                                 ; Auto               ; Auto               ;
; Auto Clock Enable Replacement                                                   ; On                 ; On                 ;
; Strict RAM Replacement                                                          ; Off                ; Off                ;
; Allow Synchronous Control Signals                                               ; On                 ; On                 ;
; Force Use of Synchronous Clear Signals                                          ; Off                ; Off                ;
; Auto RAM Block Balancing                                                        ; On                 ; On                 ;
; Auto RAM to Logic Cell Conversion                                               ; Off                ; Off                ;
; Auto Resource Sharing                                                           ; Off                ; Off                ;
; Allow Any RAM Size For Recognition                                              ; Off                ; Off                ;
; Allow Any ROM Size For Recognition                                              ; Off                ; Off                ;
; Allow Any Shift Register Size For Recognition                                   ; Off                ; Off                ;
; Use LogicLock Constraints during Resource Balancing                             ; On                 ; On                 ;
; Ignore translate_off and synthesis_off directives                               ; Off                ; Off                ;
; Timing-Driven Synthesis                                                         ; On                 ; On                 ;
; Report Parameter Settings                                                       ; On                 ; On                 ;
; Report Source Assignments                                                       ; On                 ; On                 ;
; Report Connectivity Checks                                                      ; On                 ; On                 ;
; Ignore Maximum Fan-Out Assignments                                              ; Off                ; Off                ;
; Synchronization Register Chain Length                                           ; 3                  ; 3                  ;
; Power Optimization During Synthesis                                             ; Normal compilation ; Normal compilation ;
; HDL message level                                                               ; Level2             ; Level2             ;
; Suppress Register Optimization Related Messages                                 ; Off                ; Off                ;
; Number of Removed Registers Reported in Synthesis Report                        ; 5000               ; 5000               ;
; Number of Swept Nodes Reported in Synthesis Report                              ; 5000               ; 5000               ;
; Number of Inverted Registers Reported in Synthesis Report                       ; 100                ; 100                ;
; Clock MUX Protection                                                            ; On                 ; On                 ;
; Auto Gated Clock Conversion                                                     ; Off                ; Off                ;
; Block Design Naming                                                             ; Auto               ; Auto               ;
; SDC constraint protection                                                       ; Off                ; Off                ;
; Synthesis Effort                                                                ; Auto               ; Auto               ;
; Shift Register Replacement - Allow Asynchronous Clear Signal                    ; On                 ; On                 ;
; Pre-Mapping Resynthesis Optimization                                            ; Off                ; Off                ;
; Analysis & Synthesis Message Level                                              ; Medium             ; Medium             ;
; Disable Register Merging Across Hierarchies                                     ; Auto               ; Auto               ;
; Resource Aware Inference For Block RAM                                          ; On                 ; On                 ;
+---------------------------------------------------------------------------------+--------------------+--------------------+


+------------------------------------------+
; Parallel Compilation                     ;
+----------------------------+-------------+
; Processors                 ; Number      ;
+----------------------------+-------------+
; Number detected on machine ; 4           ;
; Maximum allowed            ; 2           ;
;                            ;             ;
; Average used               ; 1.00        ;
; Maximum used               ; 2           ;
;                            ;             ;
; Usage by Processor         ; % Time Used ;
;     Processor 1            ; 100.0%      ;
;     Processor 2            ;   0.2%      ;
+----------------------------+-------------+


+--------------------------------------------------------------------------------------------------------------------------------------------------------------------------+
; Analysis & Synthesis Source Files Read                                                                                                                                   ;
+----------------------------------+-----------------+------------------------------+----------------------------------------------------------------------------+---------+
; File Name with User-Entered Path ; Used in Netlist ; File Type                    ; File Name with Absolute Path                                               ; Library ;
+----------------------------------+-----------------+------------------------------+----------------------------------------------------------------------------+---------+
; bitcoin_hash.sv                  ; yes             ; User SystemVerilog HDL File  ; E:/Quartus_Prime/Advanced_Digital_Design_Project/project_5/bitcoin_hash.sv ;         ;
+----------------------------------+-----------------+------------------------------+----------------------------------------------------------------------------+---------+


+-----------------------------------------------------------+
; Analysis & Synthesis Resource Usage Summary               ;
+-----------------------------------------------+-----------+
; Resource                                      ; Usage     ;
+-----------------------------------------------+-----------+
; Estimated ALUTs Used                          ; 17654     ;
;     -- Combinational ALUTs                    ; 17654     ;
;     -- Memory ALUTs                           ; 0         ;
;     -- LUT_REGs                               ; 0         ;
; Dedicated logic registers                     ; 21087     ;
;                                               ;           ;
; Estimated ALUTs Unavailable                   ; 6         ;
;     -- Due to unpartnered combinational logic ; 6         ;
;     -- Due to Memory ALUTs                    ; 0         ;
;                                               ;           ;
; Total combinational functions                 ; 17654     ;
; Combinational ALUT usage by number of inputs  ;           ;
;     -- 7 input functions                      ; 6         ;
;     -- 6 input functions                      ; 2063      ;
;     -- 5 input functions                      ; 49        ;
;     -- 4 input functions                      ; 85        ;
;     -- <=3 input functions                    ; 15451     ;
;                                               ;           ;
; Combinational ALUTs by mode                   ;           ;
;     -- normal mode                            ; 9284      ;
;     -- extended LUT mode                      ; 6         ;
;     -- arithmetic mode                        ; 5196      ;
;     -- shared arithmetic mode                 ; 3168      ;
;                                               ;           ;
; Estimated ALUT/register pairs used            ; 28763     ;
;                                               ;           ;
; Total registers                               ; 21087     ;
;     -- Dedicated logic registers              ; 21087     ;
;     -- I/O registers                          ; 0         ;
;     -- LUT_REGs                               ; 0         ;
;                                               ;           ;
;                                               ;           ;
; I/O pins                                      ; 118       ;
;                                               ;           ;
; DSP block 18-bit elements                     ; 0         ;
;                                               ;           ;
; Maximum fan-out node                          ; clk~input ;
; Maximum fan-out                               ; 21088     ;
; Total fan-out                                 ; 145462    ;
; Average fan-out                               ; 3.73      ;
+-----------------------------------------------+-----------+


+-----------------------------------------------------------------------------------------------------------------------------------------------------------------------------------------------------------------------------------------+
; Analysis & Synthesis Resource Utilization by Entity                                                                                                                                                                                     ;
+----------------------------+---------------------+---------------------------+-------------------+--------------+---------+-----------+-----------+-----------+------+--------------+---------------------+--------------+--------------+
; Compilation Hierarchy Node ; Combinational ALUTs ; Dedicated Logic Registers ; Block Memory Bits ; DSP Elements ; DSP 9x9 ; DSP 12x12 ; DSP 18x18 ; DSP 36x36 ; Pins ; Virtual Pins ; Full Hierarchy Name ; Entity Name  ; Library Name ;
+----------------------------+---------------------+---------------------------+-------------------+--------------+---------+-----------+-----------+-----------+------+--------------+---------------------+--------------+--------------+
; |bitcoin_hash              ; 17654 (17654)       ; 21087 (21087)             ; 0                 ; 0            ; 0       ; 0         ; 0         ; 0         ; 118  ; 0            ; |bitcoin_hash       ; bitcoin_hash ; work         ;
+----------------------------+---------------------+---------------------------+-------------------+--------------+---------+-----------+-----------+-----------+------+--------------+---------------------+--------------+--------------+
Note: For table entries with two numbers listed, the numbers in parentheses indicate the number of resources of the given type used by the specific entity alone. The numbers listed outside of parentheses indicate the total resources of the given type used by the specific entity and all of its sub-entities in the hierarchy.


Encoding Type:  One-Hot
+-----------------------------------------------------------------------------------------------------------------------------------+
; State Machine - |bitcoin_hash|state                                                                                               ;
+----------------+----------------+-------------+------------+---------------+-------------+-------------+-------------+------------+
; Name           ; state.COMPUTE2 ; state.WRITE ; state.POST ; state.COMPUTE ; state.PREP3 ; state.PREP2 ; state.PREP1 ; state.IDLE ;
+----------------+----------------+-------------+------------+---------------+-------------+-------------+-------------+------------+
; state.IDLE     ; 0              ; 0           ; 0          ; 0             ; 0           ; 0           ; 0           ; 0          ;
; state.PREP1    ; 0              ; 0           ; 0          ; 0             ; 0           ; 0           ; 1           ; 1          ;
; state.PREP2    ; 0              ; 0           ; 0          ; 0             ; 0           ; 1           ; 0           ; 1          ;
; state.PREP3    ; 0              ; 0           ; 0          ; 0             ; 1           ; 0           ; 0           ; 1          ;
; state.COMPUTE  ; 0              ; 0           ; 0          ; 1             ; 0           ; 0           ; 0           ; 1          ;
; state.POST     ; 0              ; 0           ; 1          ; 0             ; 0           ; 0           ; 0           ; 1          ;
; state.WRITE    ; 0              ; 1           ; 0          ; 0             ; 0           ; 0           ; 0           ; 1          ;
; state.COMPUTE2 ; 1              ; 0           ; 0          ; 0             ; 0           ; 0           ; 0           ; 1          ;
+----------------+----------------+-------------+------------+---------------+-------------+-------------+-------------+------------+


+------------------------------------------------------------+
; Registers Removed During Synthesis                         ;
+---------------------------------------+--------------------+
; Register name                         ; Reason for Removal ;
+---------------------------------------+--------------------+
; state~12                              ; Lost fanout        ;
; state~13                              ; Lost fanout        ;
; state~14                              ; Lost fanout        ;
; index_h2[3]                           ; Lost fanout        ;
; Total Number of Removed Registers = 4 ;                    ;
+---------------------------------------+--------------------+


+------------------------------------------------------+
; General Register Statistics                          ;
+----------------------------------------------+-------+
; Statistic                                    ; Value ;
+----------------------------------------------+-------+
; Total registers                              ; 21087 ;
; Number of registers using Synchronous Clear  ; 8208  ;
; Number of registers using Synchronous Load   ; 8900  ;
; Number of registers using Asynchronous Clear ; 10    ;
; Number of registers using Asynchronous Load  ; 0     ;
; Number of registers using Clock Enable       ; 16980 ;
; Number of registers using Preset             ; 0     ;
+----------------------------------------------+-------+


+-----------------------------------------------------------------------------------------------------------------------------------------------------+
; Multiplexer Restructuring Statistics (Restructuring Performed)                                                                                      ;
+--------------------+-----------+---------------+----------------------+------------------------+------------+---------------------------------------+
; Multiplexer Inputs ; Bus Width ; Baseline Area ; Area if Restructured ; Saving if Restructured ; Registered ; Example Multiplexer Output            ;
+--------------------+-----------+---------------+----------------------+------------------------+------------+---------------------------------------+
; 4:1                ; 4096 bits ; 8192 ALUTs    ; 0 ALUTs              ; 8192 ALUTs             ; Yes        ; |bitcoin_hash|C[5][26]                ;
; 4:1                ; 192 bits  ; 384 ALUTs     ; 192 ALUTs            ; 192 ALUTs              ; Yes        ; |bitcoin_hash|temp[11][8]             ;
; 6:1                ; 7680 bits ; 30720 ALUTs   ; 0 ALUTs              ; 30720 ALUTs            ; Yes        ; |bitcoin_hash|w4[0][4]                ;
; 8:1                ; 32 bits   ; 160 ALUTs     ; 64 ALUTs             ; 96 ALUTs               ; Yes        ; |bitcoin_hash|temp[9][16]             ;
; 7:1                ; 288 bits  ; 1152 ALUTs    ; 576 ALUTs            ; 576 ALUTs              ; Yes        ; |bitcoin_hash|temp[1][1]              ;
; 7:1                ; 16 bits   ; 64 ALUTs      ; 0 ALUTs              ; 64 ALUTs               ; Yes        ; |bitcoin_hash|t[4]                    ;
; 18:1               ; 32 bits   ; 384 ALUTs     ; 320 ALUTs            ; 64 ALUTs               ; Yes        ; |bitcoin_hash|mem_write_data[12]~reg0 ;
; 7:1                ; 4 bits    ; 16 ALUTs      ; 4 ALUTs              ; 12 ALUTs               ; Yes        ; |bitcoin_hash|index_h2[3]             ;
; 8:1                ; 4096 bits ; 20480 ALUTs   ; 4096 ALUTs           ; 16384 ALUTs            ; Yes        ; |bitcoin_hash|h7[11][18]              ;
; 18:1               ; 480 bits  ; 5760 ALUTs    ; 2880 ALUTs           ; 2880 ALUTs             ; Yes        ; |bitcoin_hash|w15[1][4]               ;
; 18:1               ; 32 bits   ; 384 ALUTs     ; 256 ALUTs            ; 128 ALUTs              ; Yes        ; |bitcoin_hash|w15[14][8]              ;
; 13:1               ; 4 bits    ; 32 ALUTs      ; 12 ALUTs             ; 20 ALUTs               ; Yes        ; |bitcoin_hash|mem_addr[1]~reg0        ;
; 13:1               ; 12 bits   ; 96 ALUTs      ; 48 ALUTs             ; 48 ALUTs               ; Yes        ; |bitcoin_hash|mem_addr[4]~reg0        ;
+--------------------+-----------+---------------+----------------------+------------------------+------------+---------------------------------------+


+--------------------------------------------------------------------------------------------------------------------+
; Parameter Settings for User Entity Instance: Top-level Entity: |bitcoin_hash                                       ;
+----------------+----------------------------------------------------------------------------------+----------------+
; Parameter Name ; Value                                                                            ; Type           ;
+----------------+----------------------------------------------------------------------------------+----------------+
; num_nonces     ; 16                                                                               ; Signed Integer ;
; k              ; (1116352408,1899447441,-1245643825,-373957723,961987163,1508970993,-1841331548,- ; Array/Record   ;
; k              ; 1424204075,-670586216,310598401,607225278,1426881987,1925078388,-2132889090,-168 ;                ;
; k              ; 0079193,-1046744716,-459576895,-272742522,264347078,604807628,770255983,12491501 ;                ;
; k              ; 22,1555081692,1996064986,-1740746414,-1473132947,-1341970488,-1084653625,-958395 ;                ;
; k              ; 405,-710438585,113926993,338241895,666307205,773529912,1294757372,1396182291,169 ;                ;
; k              ; 5183700,1986661051,-2117940946,-1838011259,-1564481375,-1474664885,-1035236496,- ;                ;
; k              ; 949202525,-778901479,-694614492,-200395387,275423344,430227734,506948616,6590605 ;                ;
; k              ; 56,883997877,958139571,1322822218,1537002063,1747873779,1955562222,2024104815,-2 ;                ;
;                ; 067236844,-1933114872,-1866530822,-1538233109,-1090935817,-965641998)            ;                ;
+----------------+----------------------------------------------------------------------------------+----------------+
Note: In order to hide this table in the UI and the text report file, please set the "Show Parameter Settings in Synthesis Report" option in "Analysis and Synthesis Settings -> More Settings" to "Off".


+-----------------------------------------------------+
; Post-Synthesis Netlist Statistics for Top Partition ;
+-----------------------+-----------------------------+
; Type                  ; Count                       ;
+-----------------------+-----------------------------+
; arriaii_ff            ; 21087                       ;
;     CLR               ; 10                          ;
;     ENA               ; 352                         ;
;     ENA SCLR          ; 7728                        ;
;     ENA SCLR SLD      ; 480                         ;
;     ENA SLD           ; 8420                        ;
;     plain             ; 4097                        ;
; boundary_port         ; 118                         ;
; stratixiv_lcell_comb  ; 17654                       ;
;     arith             ; 5196                        ;
;         1 data inputs ; 60                          ;
;         2 data inputs ; 4976                        ;
;         3 data inputs ; 160                         ;
;     extend            ; 6                           ;
;         7 data inputs ; 6                           ;
;     normal            ; 9284                        ;
;         0 data inputs ; 1                           ;
;         2 data inputs ; 62                          ;
;         3 data inputs ; 7024                        ;
;         4 data inputs ; 85                          ;
;         5 data inputs ; 49                          ;
;         6 data inputs ; 2063                        ;
;     shared            ; 3168                        ;
;         3 data inputs ; 3168                        ;
;                       ;                             ;
; Max LUT depth         ; 7.60                        ;
; Average LUT depth     ; 3.96                        ;
+-----------------------+-----------------------------+


+-------------------------------+
; Elapsed Time Per Partition    ;
+----------------+--------------+
; Partition Name ; Elapsed Time ;
+----------------+--------------+
; Top            ; 00:01:21     ;
+----------------+--------------+


+-------------------------------+
; Analysis & Synthesis Messages ;
+-------------------------------+
Info: *******************************************************************
Info: Running Quartus Prime Analysis & Synthesis
    Info: Version 17.1.0 Build 590 10/25/2017 SJ Lite Edition
    Info: Processing started: Fri May 11 06:33:16 2018
Info: Command: quartus_map --read_settings_files=on --write_settings_files=off bitcoin_hash -c bitcoin_hash
Warning (18236): Number of processors has not been specified which may cause overloading on shared machines.  Set the global assignment NUM_PARALLEL_PROCESSORS in your QSF to an appropriate value for best performance.
Info (20030): Parallel compilation is enabled and will use 2 of the 2 processors detected
Info (12021): Found 1 design units, including 1 entities, in source file tb_bitcoin_hash.sv
    Info (12023): Found entity 1: tb_bitcoin_hash File: E:/Quartus_Prime/Advanced_Digital_Design_Project/project_5/tb_bitcoin_hash.sv Line: 1
Info (12021): Found 1 design units, including 1 entities, in source file bitcoin_hash.sv
    Info (12023): Found entity 1: bitcoin_hash File: E:/Quartus_Prime/Advanced_Digital_Design_Project/project_5/bitcoin_hash.sv Line: 4
Info (12127): Elaborating entity "bitcoin_hash" for the top level hierarchy
Warning (10036): Verilog HDL or VHDL warning at bitcoin_hash.sv(18): object "w0" assigned a value but never read File: E:/Quartus_Prime/Advanced_Digital_Design_Project/project_5/bitcoin_hash.sv Line: 18
Warning (10230): Verilog HDL assignment warning at bitcoin_hash.sv(105): truncated value with size 32 to match size of target (16) File: E:/Quartus_Prime/Advanced_Digital_Design_Project/project_5/bitcoin_hash.sv Line: 105
Warning (10230): Verilog HDL assignment warning at bitcoin_hash.sv(145): truncated value with size 32 to match size of target (16) File: E:/Quartus_Prime/Advanced_Digital_Design_Project/project_5/bitcoin_hash.sv Line: 145
Warning (10230): Verilog HDL assignment warning at bitcoin_hash.sv(164): truncated value with size 32 to match size of target (4) File: E:/Quartus_Prime/Advanced_Digital_Design_Project/project_5/bitcoin_hash.sv Line: 164
Warning (10230): Verilog HDL assignment warning at bitcoin_hash.sv(192): truncated value with size 32 to match size of target (16) File: E:/Quartus_Prime/Advanced_Digital_Design_Project/project_5/bitcoin_hash.sv Line: 192
Warning (10230): Verilog HDL assignment warning at bitcoin_hash.sv(212): truncated value with size 32 to match size of target (4) File: E:/Quartus_Prime/Advanced_Digital_Design_Project/project_5/bitcoin_hash.sv Line: 212
Warning (10230): Verilog HDL assignment warning at bitcoin_hash.sv(239): truncated value with size 32 to match size of target (16) File: E:/Quartus_Prime/Advanced_Digital_Design_Project/project_5/bitcoin_hash.sv Line: 239
Warning (10230): Verilog HDL assignment warning at bitcoin_hash.sv(245): truncated value with size 32 to match size of target (16) File: E:/Quartus_Prime/Advanced_Digital_Design_Project/project_5/bitcoin_hash.sv Line: 245
Warning (10230): Verilog HDL assignment warning at bitcoin_hash.sv(273): truncated value with size 32 to match size of target (16) File: E:/Quartus_Prime/Advanced_Digital_Design_Project/project_5/bitcoin_hash.sv Line: 273
Warning (10230): Verilog HDL assignment warning at bitcoin_hash.sv(298): truncated value with size 32 to match size of target (16) File: E:/Quartus_Prime/Advanced_Digital_Design_Project/project_5/bitcoin_hash.sv Line: 298
Warning (10230): Verilog HDL assignment warning at bitcoin_hash.sv(318): truncated value with size 32 to match size of target (16) File: E:/Quartus_Prime/Advanced_Digital_Design_Project/project_5/bitcoin_hash.sv Line: 318
Warning (10230): Verilog HDL assignment warning at bitcoin_hash.sv(399): truncated value with size 32 to match size of target (4) File: E:/Quartus_Prime/Advanced_Digital_Design_Project/project_5/bitcoin_hash.sv Line: 399
Warning (10230): Verilog HDL assignment warning at bitcoin_hash.sv(416): truncated value with size 32 to match size of target (16) File: E:/Quartus_Prime/Advanced_Digital_Design_Project/project_5/bitcoin_hash.sv Line: 416
Warning (10230): Verilog HDL assignment warning at bitcoin_hash.sv(439): truncated value with size 32 to match size of target (16) File: E:/Quartus_Prime/Advanced_Digital_Design_Project/project_5/bitcoin_hash.sv Line: 439
Info (286030): Timing-Driven Synthesis is running
Info (17049): 4 registers lost all their fanouts during netlist optimizations.
Info (16010): Generating hard_block partition "hard_block:auto_generated_inst"
    Info (16011): Adding 0 node(s), including 0 DDIO, 0 PLL, 0 transceiver and 0 LCELL
Info (21057): Implemented 32629 device resources after synthesis - the final resource count might be different
    Info (21058): Implemented 67 input pins
    Info (21059): Implemented 51 output pins
    Info (21061): Implemented 32511 logic cells
Info: Quartus Prime Analysis & Synthesis was successful. 0 errors, 15 warnings
    Info: Peak virtual memory: 1049 megabytes
    Info: Processing ended: Fri May 11 06:35:41 2018
    Info: Elapsed time: 00:02:25
    Info: Total CPU time (on all processors): 00:02:46


